2017-12-17 13:45:09 [ERROR] com.iflytek.msp.cpdb.lfasr.client.LfasrClientImp.<init>(LfasrClientImp.java:108) - [COMPENT]-CLIENT [PROCESS]-LfasrClientImp [ID]- [STATUS]- [MEASURE]-(-1) ms [DEF]-{"ok":"-1", "err_no":"26100", "failed":"转写配置文件错误!", "data":""}
2017-12-17 13:46:43 [ERROR] com.iflytek.msp.cpdb.lfasr.client.LfasrClientImp.<init>(LfasrClientImp.java:108) - [COMPENT]-CLIENT [PROCESS]-LfasrClientImp [ID]- [STATUS]- [MEASURE]-(-1) ms [DEF]-{"ok":"-1", "err_no":"26100", "failed":"转写配置文件错误!", "data":""}
2017-12-17 13:48:12 [ERROR] com.iflytek.msp.cpdb.lfasr.client.LfasrClientImp.<init>(LfasrClientImp.java:108) - [COMPENT]-CLIENT [PROCESS]-LfasrClientImp [ID]- [STATUS]- [MEASURE]-(-1) ms [DEF]-{"ok":"-1", "err_no":"26100", "failed":"转写配置文件错误!", "data":""}
2017-12-17 13:52:06 [ERROR] com.iflytek.msp.cpdb.lfasr.client.LfasrClientImp.<init>(LfasrClientImp.java:108) - [COMPENT]-CLIENT [PROCESS]-LfasrClientImp [ID]- [STATUS]- [MEASURE]-(-1) ms [DEF]-{"ok":"-1", "err_no":"26100", "failed":"转写配置文件错误!", "data":""}
2017-12-17 13:52:33 [ERROR] com.iflytek.msp.cpdb.lfasr.client.LfasrClientImp.<init>(LfasrClientImp.java:108) - [COMPENT]-CLIENT [PROCESS]-LfasrClientImp [ID]- [STATUS]- [MEASURE]-(-1) ms [DEF]-{"ok":"-1", "err_no":"26100", "failed":"转写配置文件错误!", "data":""}
2017-12-17 14:11:07 [ERROR] com.iflytek.msp.cpdb.lfasr.client.LfasrClientImp.<init>(LfasrClientImp.java:108) - [COMPENT]-CLIENT [PROCESS]-LfasrClientImp [ID]- [STATUS]- [MEASURE]-(-1) ms [DEF]-{"ok":"-1", "err_no":"26100", "failed":"转写配置文件错误!", "data":""}
2017-12-17 14:11:41 [ INFO] com.iflytek.msp.cpdb.lfasr.worker.UploadWorker.upload(UploadWorker.java:100) - [COMPENT]-CLIENT [PROCESS]-UploadWorker [ID]-null [STATUS]- [MEASURE]-(-1) ms [DEF]-prepare ok
2017-12-17 14:11:41 [ INFO] com.iflytek.msp.cpdb.lfasr.worker.UploadWorker.upload(UploadWorker.java:104) - [COMPENT]-CLIENT [PROCESS]-UploadWorker [ID]-024450a418064cab99a16f316e7279a1 [STATUS]- [MEASURE]-(-1) ms [DEF]-get task_id:%s024450a418064cab99a16f316e7279a1
2017-12-17 14:11:41 [ INFO] com.iflytek.msp.cpdb.lfasr.worker.UploadWorker.metaPersistency(UploadWorker.java:152) - [COMPENT]-CLIENT [PROCESS]-UploadWorker [ID]-024450a418064cab99a16f316e7279a1 [STATUS]- [MEASURE]-(-1) ms [DEF]-write meta info success, store file:./024450a418064cab99a16f316e7279a1.dat
2017-12-17 14:11:41 [ INFO] com.iflytek.msp.cpdb.lfasr.event.EventHandler.isSendAll(EventHandler.java:183) - [COMPENT]-CLIENT [PROCESS]-EventHandler [ID]- [STATUS]- [MEASURE]-(-1) ms [DEF]-upload file 0/6
2017-12-17 14:11:41 [ INFO] com.iflytek.msp.cpdb.lfasr.event.EventHandler.isSendAll(EventHandler.java:183) - [COMPENT]-CLIENT [PROCESS]-EventHandler [ID]- [STATUS]- [MEASURE]-(-1) ms [DEF]-upload file 0/6
2017-12-17 14:11:42 [ INFO] com.iflytek.msp.cpdb.lfasr.event.EventHandler.isSendAll(EventHandler.java:183) - [COMPENT]-CLIENT [PROCESS]-EventHandler [ID]- [STATUS]- [MEASURE]-(-1) ms [DEF]-upload file 6/6
2017-12-17 14:11:42 [ INFO] com.iflytek.msp.cpdb.lfasr.worker.UploadThread.run(UploadThread.java:43) - [COMPENT]-CLIENT [PROCESS]-UploadThread [ID]-024450a418064cab99a16f316e7279a1 [STATUS]- [MEASURE]-(-1) ms [DEF]-upload file send success, file:G:\[Important]JavaApiUtilOrExample\为什么内向人最怕麻烦别人.m4a, task_id:024450a418064cab99a16f316e7279a1
2017-12-17 14:11:43 [ INFO] com.iflytek.msp.cpdb.lfasr.event.EventHandler$ProcessorThread.run(EventHandler.java:137) - [COMPENT]-CLIENT [PROCESS]-EventHandler [ID]-024450a418064cab99a16f316e7279a1 [STATUS]- [MEASURE]-(-1) ms [DEF]-send meger success
2017-12-20 15:15:38 [ INFO] com.iflytek.msp.cpdb.lfasr.worker.UploadWorker.upload(UploadWorker.java:100) - [COMPENT]-CLIENT [PROCESS]-UploadWorker [ID]-null [STATUS]- [MEASURE]-(-1) ms [DEF]-prepare ok
2017-12-20 15:15:38 [ INFO] com.iflytek.msp.cpdb.lfasr.worker.UploadWorker.upload(UploadWorker.java:104) - [COMPENT]-CLIENT [PROCESS]-UploadWorker [ID]-100f1ed438844752b4dbf5c5e814ccb7 [STATUS]- [MEASURE]-(-1) ms [DEF]-get task_id:%s100f1ed438844752b4dbf5c5e814ccb7
2017-12-20 15:15:38 [ INFO] com.iflytek.msp.cpdb.lfasr.worker.UploadWorker.metaPersistency(UploadWorker.java:152) - [COMPENT]-CLIENT [PROCESS]-UploadWorker [ID]-100f1ed438844752b4dbf5c5e814ccb7 [STATUS]- [MEASURE]-(-1) ms [DEF]-write meta info success, store file:./100f1ed438844752b4dbf5c5e814ccb7.dat
2017-12-20 15:15:38 [ INFO] com.iflytek.msp.cpdb.lfasr.event.EventHandler.isSendAll(EventHandler.java:183) - [COMPENT]-CLIENT [PROCESS]-EventHandler [ID]- [STATUS]- [MEASURE]-(-1) ms [DEF]-upload file 0/1
2017-12-20 15:15:39 [ INFO] com.iflytek.msp.cpdb.lfasr.event.EventHandler.isSendAll(EventHandler.java:183) - [COMPENT]-CLIENT [PROCESS]-EventHandler [ID]- [STATUS]- [MEASURE]-(-1) ms [DEF]-upload file 1/1
2017-12-20 15:15:39 [ INFO] com.iflytek.msp.cpdb.lfasr.worker.UploadThread.run(UploadThread.java:43) - [COMPENT]-CLIENT [PROCESS]-UploadThread [ID]-100f1ed438844752b4dbf5c5e814ccb7 [STATUS]- [MEASURE]-(-1) ms [DEF]-upload file send success, file:G:\[important]MyCode\[Important]JavaApiUtilOrExample\chunk\9a9958f347a538e0f0a90041a82335c2.m4a, task_id:100f1ed438844752b4dbf5c5e814ccb7
2017-12-20 15:15:41 [ INFO] com.iflytek.msp.cpdb.lfasr.event.EventHandler$ProcessorThread.run(EventHandler.java:137) - [COMPENT]-CLIENT [PROCESS]-EventHandler [ID]-100f1ed438844752b4dbf5c5e814ccb7 [STATUS]- [MEASURE]-(-1) ms [DEF]-send meger success
2017-12-20 15:16:45 [ INFO] com.iflytek.msp.cpdb.lfasr.worker.UploadWorker.upload(UploadWorker.java:100) - [COMPENT]-CLIENT [PROCESS]-UploadWorker [ID]-null [STATUS]- [MEASURE]-(-1) ms [DEF]-prepare ok
2017-12-20 15:16:45 [ INFO] com.iflytek.msp.cpdb.lfasr.worker.UploadWorker.upload(UploadWorker.java:104) - [COMPENT]-CLIENT [PROCESS]-UploadWorker [ID]-028e7fb509184c95a1039d0a272bc0de [STATUS]- [MEASURE]-(-1) ms [DEF]-get task_id:%s028e7fb509184c95a1039d0a272bc0de
2017-12-20 15:16:45 [ INFO] com.iflytek.msp.cpdb.lfasr.worker.UploadWorker.metaPersistency(UploadWorker.java:152) - [COMPENT]-CLIENT [PROCESS]-UploadWorker [ID]-028e7fb509184c95a1039d0a272bc0de [STATUS]- [MEASURE]-(-1) ms [DEF]-write meta info success, store file:./028e7fb509184c95a1039d0a272bc0de.dat
2017-12-20 15:16:45 [ INFO] com.iflytek.msp.cpdb.lfasr.event.EventHandler.isSendAll(EventHandler.java:183) - [COMPENT]-CLIENT [PROCESS]-EventHandler [ID]- [STATUS]- [MEASURE]-(-1) ms [DEF]-upload file 0/1
2017-12-20 15:16:46 [ INFO] com.iflytek.msp.cpdb.lfasr.event.EventHandler.isSendAll(EventHandler.java:183) - [COMPENT]-CLIENT [PROCESS]-EventHandler [ID]- [STATUS]- [MEASURE]-(-1) ms [DEF]-upload file 1/1
2017-12-20 15:16:46 [ INFO] com.iflytek.msp.cpdb.lfasr.worker.UploadThread.run(UploadThread.java:43) - [COMPENT]-CLIENT [PROCESS]-UploadThread [ID]-028e7fb509184c95a1039d0a272bc0de [STATUS]- [MEASURE]-(-1) ms [DEF]-upload file send success, file:G:\[important]MyCode\[Important]JavaApiUtilOrExample\chunk\785a831d13958d9e39ee7e934efddb97.m4a, task_id:028e7fb509184c95a1039d0a272bc0de
2017-12-20 15:16:47 [ INFO] com.iflytek.msp.cpdb.lfasr.event.EventHandler$ProcessorThread.run(EventHandler.java:137) - [COMPENT]-CLIENT [PROCESS]-EventHandler [ID]-028e7fb509184c95a1039d0a272bc0de [STATUS]- [MEASURE]-(-1) ms [DEF]-send meger success
